{
  "RSpec": {
    "coverage": {
      "/home/runner/work/gempath/gempath/lib/gempath.rb": {
        "lines": [
          null,
          null,
          1,
          1,
          1,
          1,
          1,
          null,
          1,
          null,
          null
        ],
        "branches": {}
      },
      "/home/runner/work/gempath/gempath/lib/gempath/error.rb": {
        "lines": [
          null,
          null,
          1,
          1,
          null
        ],
        "branches": {}
      },
      "/home/runner/work/gempath/gempath/lib/gempath/analyzer.rb": {
        "lines": [
          null,
          null,
          1,
          null,
          1,
          1,
          1,
          15,
          15,
          null,
          14,
          null,
          null,
          1,
          69,
          3665,
          65,
          null,
          null,
          64,
          null,
          null,
          198,
          null,
          null,
          null,
          null,
          null,
          null,
          4,
          302,
          null,
          null,
          392,
          null,
          null,
          null,
          null,
          null,
          null,
          null,
          null,
          1,
          null,
          1,
          366,
          366,
          null,
          null,
          0,
          null,
          null,
          null,
          null,
          null,
          null,
          7,
          null,
          null,
          null,
          null,
          359,
          null,
          null,
          null,
          0,
          null,
          null,
          null,
          null,
          null,
          1,
          366,
          366,
          40146,
          null,
          366,
          null,
          null,
          1,
          250336,
          null,
          250336,
          null,
          250336,
          212063,
          1819,
          null,
          12122001,
          210244,
          210190,
          210190,
          null,
          null,
          null,
          250336,
          null,
          null,
          1,
          92937,
          null,
          null,
          null
        ],
        "branches": {
          "[:unless, 0, 9, 6, 9, 107]": {
            "[:else, 1, 9, 6, 9, 107]": 14,
            "[:then, 2, 9, 6, 9, 73]": 1
          },
          "[:unless, 3, 17, 8, 17, 87]": {
            "[:else, 4, 17, 8, 17, 87]": 64,
            "[:then, 5, 17, 8, 17, 75]": 1
          },
          "[:if, 6, 15, 6, 40, 9]": {
            "[:then, 7, 16, 8, 28, 9]": 65,
            "[:else, 8, 30, 8, 39, 11]": 4
          },
          "[:case, 9, 47, 6, 69, 9]": {
            "[:when, 10, 49, 8, 54, 9]": 0,
            "[:when, 11, 56, 8, 59, 9]": 7,
            "[:when, 12, 61, 8, 64, 9]": 359,
            "[:else, 13, 66, 8, 68, 9]": 0
          },
          "[:if, 14, 81, 6, 81, 53]": {
            "[:then, 15, 81, 6, 81, 20]": 0,
            "[:else, 16, 81, 6, 81, 53]": 250336
          },
          "[:if, 17, 90, 10, 93, 13]": {
            "[:then, 18, 91, 12, 92, 34]": 210190,
            "[:else, 19, 90, 10, 93, 13]": 54
          },
          "[:if, 20, 86, 8, 94, 11]": {
            "[:then, 21, 87, 10, 87, 70]": 1819,
            "[:else, 22, 89, 10, 93, 13]": 210244
          }
        }
      },
      "/home/runner/work/gempath/gempath/lib/gempath/cli.rb": {
        "lines": [
          null,
          null,
          1,
          1,
          null,
          1,
          1,
          1,
          1,
          0,
          null,
          null,
          null,
          1,
          0,
          null,
          null,
          null,
          1,
          1,
          null,
          null,
          null,
          1,
          1,
          null,
          1,
          null,
          null,
          null,
          null,
          null,
          null,
          null,
          null,
          null,
          null,
          null,
          null,
          null,
          null,
          null,
          null,
          null,
          null,
          null,
          null,
          null,
          null,
          null,
          null,
          null,
          1,
          null,
          null,
          2,
          2,
          2,
          null,
          0,
          null,
          null,
          null,
          1,
          1,
          null,
          1,
          null,
          1,
          null,
          1,
          null,
          null,
          null,
          null,
          null,
          null,
          null,
          null,
          null,
          null,
          null,
          null,
          null,
          null,
          null,
          null,
          null,
          null,
          null,
          null,
          null,
          null,
          null,
          null,
          null,
          null,
          1,
          1,
          59,
          null,
          0,
          null,
          1,
          null,
          58,
          58,
          null,
          0,
          null,
          null,
          null,
          null,
          1,
          6,
          6,
          6,
          null,
          6,
          null,
          null,
          4,
          null,
          null,
          4,
          1,
          1,
          null,
          null,
          null,
          4,
          4,
          null,
          null,
          4,
          null,
          null,
          4,
          59,
          59,
          59,
          null,
          null,
          null,
          4,
          null,
          null,
          4,
          55,
          55,
          55,
          null,
          null,
          null,
          4,
          7,
          null,
          null,
          0,
          0,
          null,
          0,
          null,
          7,
          7,
          null,
          6,
          6,
          58,
          null,
          6,
          6,
          null,
          0,
          0,
          0,
          null,
          0,
          0,
          null,
          1,
          1,
          null,
          1,
          null,
          null,
          null,
          null,
          4,
          null,
          0,
          null,
          null,
          null,
          1,
          null,
          null
        ],
        "branches": {
          "[:\"&.\", 0, 100, 13, 100, 47]": {
            "[:then, 1, 100, 13, 100, 47]": 59,
            "[:else, 2, 100, 13, 100, 47]": 0
          },
          "[:case, 3, 100, 8, 110, 11]": {
            "[:when, 4, 102, 10, 102, 49]": 0,
            "[:when, 5, 104, 10, 104, 50]": 1,
            "[:when, 6, 106, 10, 107, 73]": 58,
            "[:else, 7, 109, 10, 109, 18]": 0
          },
          "[:if, 8, 107, 10, 107, 73]": {
            "[:then, 9, 107, 45, 107, 53]": 0,
            "[:else, 10, 107, 56, 107, 73]": 58
          },
          "[:if, 11, 119, 6, 119, 102]": {
            "[:then, 12, 119, 6, 119, 85]": 2,
            "[:else, 13, 119, 6, 119, 102]": 4
          },
          "[:if, 14, 125, 6, 128, 9]": {
            "[:then, 15, 126, 8, 127, 29]": 1,
            "[:else, 16, 125, 6, 128, 9]": 3
          },
          "[:\"&.\", 17, 148, 6, 148, 36]": {
            "[:then, 18, 148, 6, 148, 36]": 4,
            "[:else, 19, 148, 6, 148, 36]": 0
          },
          "[:case, 20, 156, 8, 186, 11]": {
            "[:when, 21, 159, 10, 162, 50]": 0,
            "[:when, 22, 164, 10, 185, 13]": 7,
            "[:else, 23, 156, 8, 186, 11]": 0
          },
          "[:unless, 24, 162, 10, 162, 50]": {
            "[:else, 25, 162, 10, 162, 50]": 0,
            "[:then, 26, 162, 10, 162, 31]": 0
          },
          "[:case, 27, 165, 10, 185, 13]": {
            "[:when, 28, 167, 12, 172, 33]": 6,
            "[:when, 29, 174, 12, 179, 33]": 0,
            "[:when, 30, 181, 12, 184, 33]": 1,
            "[:else, 31, 165, 10, 185, 13]": 0
          }
        }
      }
    },
    "timestamp": 1741047720
  }
}
